Using pre-set license
Built from '2020.3/release' branch; Version is '2020.3.15f2 (6cf78cb77498) revision 7141260'; Using compiler version '192528614'; Build Type 'Release'
OS: 'Windows 10 Pro; OS build 19042.631; Version 2009; 64bit' Language: 'en' Physical Memory: 8130 MB
BatchMode: 1, IsHumanControllingUs: 0, StartBugReporterOnCrash: 0, Is64bit: 1, IsPro: 0

 COMMAND LINE ARGUMENTS:
C:\Program Files\Unity\Hub\Editor\2020.3.15f2\Editor\Unity.exe
-adb2
-batchMode
-noUpm
-name
AssetImportWorker0
-projectPath
C:/Users/oabdu/Documents/Unity/lab1
-logFile
Logs/AssetImportWorker0.log
-srvPort
55432
Successfully changed project path to: C:/Users/oabdu/Documents/Unity/lab1
C:/Users/oabdu/Documents/Unity/lab1
Using Asset Import Pipeline V2.
Refreshing native plugins compatible for Editor in 59.30 ms, found 2 plugins.
Preloading 0 native plugins for Editor in 0.00 ms.
Initialize engine version: 2020.3.15f2 (6cf78cb77498)
[Subsystems] Discovering subsystems at path C:/Program Files/Unity/Hub/Editor/2020.3.15f2/Editor/Data/Resources/UnitySubsystems
[Subsystems] Discovering subsystems at path C:/Users/oabdu/Documents/Unity/lab1/Assets
GfxDevice: creating device client; threaded=0
Direct3D:
    Version:  Direct3D 11.0 [level 11.1]
    Renderer: AMD Radeon (TM) R9 380 Series (ID=0x6939)
    Vendor:   
    VRAM:     4070 MB
    Driver:   27.20.21003.8013
Initialize mono
Mono path[0] = 'C:/Program Files/Unity/Hub/Editor/2020.3.15f2/Editor/Data/Managed'
Mono path[1] = 'C:/Program Files/Unity/Hub/Editor/2020.3.15f2/Editor/Data/MonoBleedingEdge/lib/mono/unityjit'
Mono config path = 'C:/Program Files/Unity/Hub/Editor/2020.3.15f2/Editor/Data/MonoBleedingEdge/etc'
Using monoOptions --debugger-agent=transport=dt_socket,embedding=1,server=y,suspend=n,address=127.0.0.1:56092
Begin MonoManager ReloadAssembly
Registering precompiled unity dll's ...
Register platform support module: C:/Program Files/Unity/Hub/Editor/2020.3.15f2/Editor/Data/PlaybackEngines/WindowsStandaloneSupport/UnityEditor.WindowsStandalone.Extensions.dll
Registered in 0.003153 seconds.
Native extension for WindowsStandalone target not found
Refreshing native plugins compatible for Editor in 62.48 ms, found 2 plugins.
Preloading 0 native plugins for Editor in 0.00 ms.
Mono: successfully reloaded assembly
- Completed reload, in  3.602 seconds
Domain Reload Profiling:
	ReloadAssembly (3602ms)
		BeginReloadAssembly (95ms)
			ExecutionOrderSort (0ms)
			DisableScriptedObjects (0ms)
			BackupInstance (0ms)
			ReleaseScriptingObjects (0ms)
			CreateAndSetChildDomain (1ms)
		EndReloadAssembly (930ms)
			LoadAssemblies (90ms)
			RebuildTransferFunctionScriptingTraits (0ms)
			SetupTypeCache (311ms)
			ReleaseScriptCaches (0ms)
			RebuildScriptCaches (58ms)
			SetupLoadedEditorAssemblies (266ms)
				LogAssemblyErrors (0ms)
				InitializePlatformSupportModulesInManaged (6ms)
				SetLoadedEditorAssemblies (1ms)
				RefreshPlugins (63ms)
				BeforeProcessingInitializeOnLoad (12ms)
				ProcessInitializeOnLoadAttributes (137ms)
				ProcessInitializeOnLoadMethodAttributes (47ms)
				AfterProcessingInitializeOnLoad (0ms)
				EditorAssembliesLoaded (0ms)
			ExecutionOrderSort2 (0ms)
			AwakeInstancesAfterBackupRestoration (0ms)
Platform modules already initialized, skipping
Registering precompiled user dll's ...
Registered in 0.007638 seconds.
Begin MonoManager ReloadAssembly
Native extension for WindowsStandalone target not found
Refreshing native plugins compatible for Editor in 69.65 ms, found 2 plugins.
Preloading 0 native plugins for Editor in 0.00 ms.
Mono: successfully reloaded assembly
- Completed reload, in  2.696 seconds
Domain Reload Profiling:
	ReloadAssembly (2697ms)
		BeginReloadAssembly (375ms)
			ExecutionOrderSort (0ms)
			DisableScriptedObjects (13ms)
			BackupInstance (0ms)
			ReleaseScriptingObjects (0ms)
			CreateAndSetChildDomain (53ms)
		EndReloadAssembly (2207ms)
			LoadAssemblies (166ms)
			RebuildTransferFunctionScriptingTraits (0ms)
			SetupTypeCache (604ms)
			ReleaseScriptCaches (1ms)
			RebuildScriptCaches (103ms)
			SetupLoadedEditorAssemblies (1075ms)
				LogAssemblyErrors (0ms)
				InitializePlatformSupportModulesInManaged (8ms)
				SetLoadedEditorAssemblies (1ms)
				RefreshPlugins (70ms)
				BeforeProcessingInitializeOnLoad (128ms)
				ProcessInitializeOnLoadAttributes (846ms)
				ProcessInitializeOnLoadMethodAttributes (9ms)
				AfterProcessingInitializeOnLoad (14ms)
				EditorAssembliesLoaded (0ms)
			ExecutionOrderSort2 (0ms)
			AwakeInstancesAfterBackupRestoration (14ms)
Platform modules already initialized, skipping
========================================================================
Worker process is ready to serve import requests
Launched and connected shader compiler UnityShaderCompiler.exe after 0.09 seconds
Refreshing native plugins compatible for Editor in 0.74 ms, found 2 plugins.
Preloading 0 native plugins for Editor in 0.00 ms.
Unloading 1692 Unused Serialized files (Serialized files now loaded: 0)
System memory in use before: 88.4 MB.
System memory in use after: 88.5 MB.

Unloading 21 unused Assets to reduce memory usage. Loaded Objects now: 2141.
Total: 5.677800 ms (FindLiveObjects: 0.771300 ms CreateObjectMapping: 0.113000 ms MarkObjects: 4.633600 ms  DeleteObjects: 0.157200 ms)

AssetImportParameters requested are different than current active one (requested -> active):
  custom:framework-win-MediaFoundation: 216162199b28c13a410421893ffa2e32 -> 
  custom:video-decoder-ogg-theora: a1e56fd34408186e4bbccfd4996cb3dc -> 
  custom:container-muxer-webm: aa71ff27fc2769a1b78a27578f13a17b -> 
  custom:container-demuxer-webm: 4f35f7cbe854078d1ac9338744f61a02 -> 
  custom:container-demuxer-ogg: 62fdf1f143b41e24485cea50d1cbac27 -> 
  custom:video-encoder-webm-vp8: eb34c28f22e8b96e1ab97ce403110664 -> 
  custom:video-decoder-webm-vp8: 9c59270c3fd7afecdb556c50c9e8de78 -> 
  custom:audio-decoder-ogg-vorbis: bf7c407c2cedff20999df2af8eb42d56 -> 
  custom:audio-encoder-webm-vorbis: bf7c407c2cedff20999df2af8eb42d56 -> 
========================================================================
Received Import Request.
  path: Assets/New Terrain.asset
  artifactKey: Guid(cc54fe00c16d5ce44a22d3487bf4390b) Importer(815301076,1909f56bfc062723c751e8b465ee728b)
Start importing Assets/New Terrain.asset using Guid(cc54fe00c16d5ce44a22d3487bf4390b) Importer(815301076,1909f56bfc062723c751e8b465ee728b)  -> (artifact id: 'b20f0141b57359c38ecb2808e5ac83ed') in 0.345668 seconds 
  Import took 0.350332 seconds .

========================================================================
Received Import Request.
  Time since last request: 105.363703 seconds.
  path: Assets/Tree.prefab
  artifactKey: Guid(ff763da6ce30eae4aa0964f2b5a594bc) Importer(815301076,1909f56bfc062723c751e8b465ee728b)
Start importing Assets/Tree.prefab using Guid(ff763da6ce30eae4aa0964f2b5a594bc) Importer(815301076,1909f56bfc062723c751e8b465ee728b)  -> (artifact id: '72111e7f16dc54c33fd7882ff9e1934c') in 1.062629 seconds 
  Import took 1.067295 seconds .

========================================================================
Received Import Request.
  Time since last request: 62.358461 seconds.
  path: Assets/Tree_Textures
  artifactKey: Guid(cdf1b8c4588572248865f0e77cf9b68f) Importer(815301076,1909f56bfc062723c751e8b465ee728b)
Start importing Assets/Tree_Textures using Guid(cdf1b8c4588572248865f0e77cf9b68f) Importer(815301076,1909f56bfc062723c751e8b465ee728b)  -> (artifact id: '4a21156e4ccedf24ed4e82336004fcd2') in 0.002941 seconds 
  Import took 0.009033 seconds .

========================================================================
Received Import Request.
  Time since last request: 0.077792 seconds.
  path: Assets/Tree_Textures/diffuse.png
  artifactKey: Guid(93e0f8806a1a0044e88b4a33f3b0a2b9) Importer(815301076,1909f56bfc062723c751e8b465ee728b)
Start importing Assets/Tree_Textures/diffuse.png using Guid(93e0f8806a1a0044e88b4a33f3b0a2b9) Importer(815301076,1909f56bfc062723c751e8b465ee728b)  -> (artifact id: '476f56b31250df14235ec03cafa7e9de') in 0.386241 seconds 
  Import took 0.391429 seconds .

========================================================================
Received Import Request.
  Time since last request: 0.000282 seconds.
  path: Assets/Tree_Textures/normal_specular.png
  artifactKey: Guid(2bdbd8e9e7bc1ca4ea41ee0278eac549) Importer(815301076,1909f56bfc062723c751e8b465ee728b)
Start importing Assets/Tree_Textures/normal_specular.png using Guid(2bdbd8e9e7bc1ca4ea41ee0278eac549) Importer(815301076,1909f56bfc062723c751e8b465ee728b)  -> (artifact id: 'cb754c1177c0dfcdc5f7cbac36ae2a56') in 0.010173 seconds 
  Import took 0.014237 seconds .

========================================================================
Received Import Request.
  Time since last request: 0.000390 seconds.
  path: Assets/Tree_Textures/translucency_gloss.png
  artifactKey: Guid(e6f9f1263361ffc4798b296f9d2bc3d5) Importer(815301076,1909f56bfc062723c751e8b465ee728b)
Start importing Assets/Tree_Textures/translucency_gloss.png using Guid(e6f9f1263361ffc4798b296f9d2bc3d5) Importer(815301076,1909f56bfc062723c751e8b465ee728b)  -> (artifact id: '370edb20ae8a1628f91b0cf67999a500') in 0.010804 seconds 
  Import took 0.015198 seconds .

========================================================================
Received Import Request.
  Time since last request: 0.000485 seconds.
  path: Assets/Tree_Textures/shadow.png
  artifactKey: Guid(b74acd426ac358a49b54fd17b4779b06) Importer(815301076,1909f56bfc062723c751e8b465ee728b)
Start importing Assets/Tree_Textures/shadow.png using Guid(b74acd426ac358a49b54fd17b4779b06) Importer(815301076,1909f56bfc062723c751e8b465ee728b)  -> (artifact id: 'b2cb0dd928e49e120081539b01a46665') in 0.011445 seconds 
  Import took 0.016232 seconds .

========================================================================
Received Import Request.
  Time since last request: 124.371725 seconds.
  path: Assets
  artifactKey: Guid(00000000000000001000000000000000) Importer(815301076,1909f56bfc062723c751e8b465ee728b)
Start importing Assets using Guid(00000000000000001000000000000000) Importer(815301076,1909f56bfc062723c751e8b465ee728b)  -> (artifact id: '42d402b061de3733987d63b9cc3b64de') in 0.003684 seconds 
  Import took 0.008589 seconds .

========================================================================
Received Import Request.
  Time since last request: 11.075646 seconds.
  path: Assets/New Material.mat
  artifactKey: Guid(8fbbbf3b80b53cc4386f05398b403818) Importer(815301076,1909f56bfc062723c751e8b465ee728b)
Start importing Assets/New Material.mat using Guid(8fbbbf3b80b53cc4386f05398b403818) Importer(815301076,1909f56bfc062723c751e8b465ee728b)  -> (artifact id: '329951b1f57340e7483c3ed2a6c004b1') in 0.019501 seconds 
  Import took 0.023453 seconds .

========================================================================
Received Import Request.
  Time since last request: 179.690970 seconds.
  path: Assets/New Material 1.mat
  artifactKey: Guid(625149f97aea4c845bfae21d21d220d2) Importer(815301076,1909f56bfc062723c751e8b465ee728b)
Start importing Assets/New Material 1.mat using Guid(625149f97aea4c845bfae21d21d220d2) Importer(815301076,1909f56bfc062723c751e8b465ee728b)  -> (artifact id: '44cd587676f66745cedc3ccf80c84c70') in 0.017565 seconds 
  Import took 0.024120 seconds .

========================================================================
Received Import Request.
  Time since last request: 45.905431 seconds.
  path: Assets/Tree.prefab
  artifactKey: Guid(ff763da6ce30eae4aa0964f2b5a594bc) Importer(815301076,1909f56bfc062723c751e8b465ee728b)
Start importing Assets/Tree.prefab using Guid(ff763da6ce30eae4aa0964f2b5a594bc) Importer(815301076,1909f56bfc062723c751e8b465ee728b)  -> (artifact id: '1144ac006ee7fb41cf4e7c1ce0200879') in 0.045614 seconds 
  Import took 0.051378 seconds .

========================================================================
Received Import Request.
  Time since last request: 1032.686009 seconds.
  path: Assets/New Material 1.mat
  artifactKey: Guid(625149f97aea4c845bfae21d21d220d2) Importer(815301076,1909f56bfc062723c751e8b465ee728b)
Start importing Assets/New Material 1.mat using Guid(625149f97aea4c845bfae21d21d220d2) Importer(815301076,1909f56bfc062723c751e8b465ee728b)  -> (artifact id: '2a6099151e64a93a38bc4a258ec11155') in 0.013292 seconds 
  Import took 0.018625 seconds .

========================================================================
Received Import Request.
  Time since last request: 0.000391 seconds.
  path: Assets/New Terrain.asset
  artifactKey: Guid(cc54fe00c16d5ce44a22d3487bf4390b) Importer(815301076,1909f56bfc062723c751e8b465ee728b)
Start importing Assets/New Terrain.asset using Guid(cc54fe00c16d5ce44a22d3487bf4390b) Importer(815301076,1909f56bfc062723c751e8b465ee728b) The tree Tree must use the Nature/Soft Occlusion shader. Otherwise billboarding/lighting will not work correctly.

 -> (artifact id: 'c34864f50fdcbc7b285490512a3bfb4c') in 0.016319 seconds 
  Import took 0.021721 seconds .

========================================================================
Received Import Request.
  Time since last request: 0.000252 seconds.
  path: Assets/New Material.mat
  artifactKey: Guid(8fbbbf3b80b53cc4386f05398b403818) Importer(815301076,1909f56bfc062723c751e8b465ee728b)
Start importing Assets/New Material.mat using Guid(8fbbbf3b80b53cc4386f05398b403818) Importer(815301076,1909f56bfc062723c751e8b465ee728b)  -> (artifact id: '0e391c0fc2538a1005f2c20f8cfb3ce5') in 0.013560 seconds 
  Import took 0.018595 seconds .

